<?xml version="1.0" encoding="UTF-8"?>
<Site BuildName="Linux-g++"
	BuildStamp="20230910-0324-Experimental"
	Name="LAPTOP-4RFFVA08"
	Generator="ctest-3.16.3"
	CompilerName="/usr/bin/g++"
	CompilerVersion="9.4.0"
	OSName="Linux"
	Hostname="LAPTOP-4RFFVA08"
	OSRelease="5.15.90.1-microsoft-standard-WSL2"
	OSVersion="#1 SMP Fri Jan 27 02:56:13 UTC 2023"
	OSPlatform="x86_64"
	Is64Bits="1"
	VendorString="AuthenticAMD"
	VendorID="Advanced Micro Devices"
	FamilyID="23"
	ModelID="104"
	ProcessorCacheSize="512"
	NumberOfLogicalCPU="8"
	NumberOfPhysicalCPU="4"
	TotalVirtualMemory="1024"
	TotalPhysicalMemory="1564"
	LogicalProcessorsPerPhysical="2"
	ProcessorClockFrequency="2595.04"
	>
	<Testing>
		<StartDateTime>Sep 10 10:24 +07</StartDateTime>
		<StartTestTime>1694316260</StartTestTime>
		<TestList/>
		<EndDateTime>Sep 10 10:24 +07</EndDateTime>
		<EndTestTime>1694316260</EndTestTime>
		<ElapsedMinutes>0</ElapsedMinutes>
	</Testing>
</Site>
